<?xml version="1.0" encoding="UTF-8"?>
<!-- Generated by org.testng.reporters.JUnitReportReporter -->
<testsuite skipped="0" hostname="LAPTOP-GDP44H0U" name="MyProj.GroupEx" tests="3" failures="0" timestamp="2020-04-16T13:03:42 IST" time="77.105" errors="0">
  <testcase name="c_loginToURL" time="18.432" classname="MyProj.GroupEx"/>
  <system-out/>
  <testcase name="a_navigateToPage" time="58.594" classname="MyProj.GroupEx"/>
  <system-out/>
  <testcase name="d_verifyLogIn" time="0.079" classname="MyProj.GroupEx"/>
  <system-out/>
</testsuite> <!-- MyProj.GroupEx -->
