<?xml version="1.0" encoding="UTF-8"?>
<!-- Generated by org.testng.reporters.JUnitReportReporter -->
<testsuite skipped="0" hostname="LAPTOP-GDP44H0U" name="MyProj.Grouping" tests="4" failures="0" timestamp="2020-04-16T13:03:42 IST" time="0.005" errors="0">
  <testcase name="d_f" time="0.001" classname="MyProj.Grouping"/>
  <system-out/>
  <testcase name="a_f" time="0.001" classname="MyProj.Grouping"/>
  <system-out/>
  <testcase name="c_f" time="0.003" classname="MyProj.Grouping"/>
  <system-out/>
  <testcase name="b_f" time="0.000" classname="MyProj.Grouping"/>
  <system-out/>
</testsuite> <!-- MyProj.Grouping -->
