<?xml version="1.0" encoding="UTF-8"?>
<!-- Generated by org.testng.reporters.JUnitReportReporter -->
<testsuite skipped="4" hostname="LAPTOP-GDP44H0U" name="MyProj.Grouping" tests="4" failures="0" timestamp="2020-04-16T14:57:54 IST" time="0.000" errors="0">
  <testcase name="b_f" time="0.000" classname="MyProj.Grouping">
    <skipped/>
  </testcase> <!-- b_f -->
  <system-out/>
  <testcase name="d_f" time="0.000" classname="MyProj.Grouping">
    <skipped/>
  </testcase> <!-- d_f -->
  <system-out/>
  <testcase name="c_f" time="0.000" classname="MyProj.Grouping">
    <skipped/>
  </testcase> <!-- c_f -->
  <system-out/>
  <testcase name="a_f" time="0.000" classname="MyProj.Grouping">
    <skipped/>
  </testcase> <!-- a_f -->
  <system-out/>
</testsuite> <!-- MyProj.Grouping -->
